c:\users\ivanr\source\repos\directory\directory\x64\debug\vc145.pdb
c:\users\ivanr\source\repos\directory\directory\x64\debug\vc145.idb
c:\users\ivanr\source\repos\directory\directory\x64\debug\main.obj
c:\users\ivanr\source\repos\directory\directory\x64\debug\directory.obj
c:\users\ivanr\source\repos\directory\directory\x64\debug\client.obj
c:\users\ivanr\source\repos\directory\directory\x64\debug\directory.ilk
c:\users\ivanr\source\repos\directory\x64\debug\directory.pdb
c:\users\ivanr\source\repos\directory\directory\x64\debug\directory.tlog\cl.command.1.tlog
c:\users\ivanr\source\repos\directory\directory\x64\debug\directory.tlog\cl.items.tlog
c:\users\ivanr\source\repos\directory\directory\x64\debug\directory.tlog\cl.read.1.tlog
c:\users\ivanr\source\repos\directory\directory\x64\debug\directory.tlog\cl.write.1.tlog
c:\users\ivanr\source\repos\directory\directory\x64\debug\directory.tlog\link-cvtres.read.1.tlog
c:\users\ivanr\source\repos\directory\directory\x64\debug\directory.tlog\link-cvtres.write.1.tlog
c:\users\ivanr\source\repos\directory\directory\x64\debug\directory.tlog\link-rc.read.1.tlog
c:\users\ivanr\source\repos\directory\directory\x64\debug\directory.tlog\link-rc.write.1.tlog
c:\users\ivanr\source\repos\directory\directory\x64\debug\directory.tlog\link.9260-cvtres.read.1.tlog
c:\users\ivanr\source\repos\directory\directory\x64\debug\directory.tlog\link.9260-cvtres.write.1.tlog
c:\users\ivanr\source\repos\directory\directory\x64\debug\directory.tlog\link.9260-rc.read.1.tlog
c:\users\ivanr\source\repos\directory\directory\x64\debug\directory.tlog\link.9260-rc.write.1.tlog
c:\users\ivanr\source\repos\directory\directory\x64\debug\directory.tlog\link.9260.read.1.tlog
c:\users\ivanr\source\repos\directory\directory\x64\debug\directory.tlog\link.9260.read.2.tlog
c:\users\ivanr\source\repos\directory\directory\x64\debug\directory.tlog\link.9260.read.3.tlog
c:\users\ivanr\source\repos\directory\directory\x64\debug\directory.tlog\link.9260.read.4.tlog
c:\users\ivanr\source\repos\directory\directory\x64\debug\directory.tlog\link.9260.write.1.tlog
c:\users\ivanr\source\repos\directory\directory\x64\debug\directory.tlog\link.command.1.tlog
c:\users\ivanr\source\repos\directory\directory\x64\debug\directory.tlog\link.read.1.tlog
c:\users\ivanr\source\repos\directory\directory\x64\debug\directory.tlog\link.read.2.tlog
c:\users\ivanr\source\repos\directory\directory\x64\debug\directory.tlog\link.read.3.tlog
c:\users\ivanr\source\repos\directory\directory\x64\debug\directory.tlog\link.read.4.tlog
c:\users\ivanr\source\repos\directory\directory\x64\debug\directory.tlog\link.secondary.1.tlog
c:\users\ivanr\source\repos\directory\directory\x64\debug\directory.tlog\link.write.1.tlog
